1513125025600	geckodriver	INFO	geckodriver 0.18.0
1513125025608	geckodriver	INFO	Listening on 127.0.0.1:53011
1513125026650	geckodriver::marionette	INFO	Starting browser /Applications/Firefox.app/Contents/MacOS/firefox-bin with args ["-marionette"]
1513125027193	Marionette	INFO	Enabled via --marionette
2017-12-12 17:30:27.970 plugin-container[3967:143997] *** CFMessagePort: bootstrap_register(): failed 1100 (0x44c) 'Permission denied', port = 0xb34f, name = 'com.apple.tsm.portname'
See /usr/include/servers/bootstrap_defs.h for the error codes.
2017-12-12 17:30:27.970 plugin-container[3967:143997] CFPasteboardRef CFPasteboardCreate(CFAllocatorRef, CFStringRef) : failed to create global data
2017-12-12 17:30:27.970 plugin-container[3967:143997] CFPasteboardRef CFPasteboardCreate(CFAllocatorRef, CFStringRef) : failed to create global data
2017-12-12 17:30:27.971 plugin-container[3967:143997] CFPasteboardRef CFPasteboardCreate(CFAllocatorRef, CFStringRef) : failed to create global data
2017-12-12 17:30:27.971 plugin-container[3967:143997] CFPasteboardRef CFPasteboardCreate(CFAllocatorRef, CFStringRef) : failed to create global data
2017-12-12 17:30:27.971 plugin-container[3967:143997] CFPasteboardRef CFPasteboardCreate(CFAllocatorRef, CFStringRef) : failed to create global data
2017-12-12 17:30:27.971 plugin-container[3967:143997] CFPasteboardRef CFPasteboardCreate(CFAllocatorRef, CFStringRef) : failed to create global data
2017-12-12 17:30:27.972 plugin-container[3967:143997] CFPasteboardRef CFPasteboardCreate(CFAllocatorRef, CFStringRef) : failed to create global data
2017-12-12 17:30:27.972 plugin-container[3967:143997] CFPasteboardRef CFPasteboardCreate(CFAllocatorRef, CFStringRef) : failed to create global data
2017-12-12 17:30:27.972 plugin-container[3967:143997] CFPasteboardRef CFPasteboardCreate(CFAllocatorRef, CFStringRef) : failed to create global data
2017-12-12 17:30:27.972 plugin-container[3967:143997] CFPasteboardRef CFPasteboardCreate(CFAllocatorRef, CFStringRef) : failed to create global data
2017-12-12 17:30:27.972 plugin-container[3967:143997] CFPasteboardRef CFPasteboardCreate(CFAllocatorRef, CFStringRef) : failed to create global data
2017-12-12 17:30:27.972 plugin-container[3967:143997] CFPasteboardRef CFPasteboardCreate(CFAllocatorRef, CFStringRef) : failed to create global data
2017-12-12 17:30:27.972 plugin-container[3967:143997] CFPasteboardRef CFPasteboardCreate(CFAllocatorRef, CFStringRef) : failed to create global data
2017-12-12 17:30:27.972 plugin-container[3967:143997] CFPasteboardRef CFPasteboardCreate(CFAllocatorRef, CFStringRef) : failed to create global data
2017-12-12 17:30:27.973 plugin-container[3967:143997] CFPasteboardRef CFPasteboardCreate(CFAllocatorRef, CFStringRef) : failed to create global data
2017-12-12 17:30:27.973 plugin-container[3967:143997] CFPasteboardRef CFPasteboardCreate(CFAllocatorRef, CFStringRef) : failed to create global data
2017-12-12 17:30:27.973 plugin-container[3967:143997] CFPasteboardRef CFPasteboardCreate(CFAllocatorRef, CFStringRef) : failed to create global data
2017-12-12 17:30:27.973 plugin-container[3967:143997] CFPasteboardRef CFPasteboardCreate(CFAllocatorRef, CFStringRef) : failed to create global data
2017-12-12 17:30:27.973 plugin-container[3967:143997] CFPasteboardRef CFPasteboardCreate(CFAllocatorRef, CFStringRef) : failed to create global data
2017-12-12 17:30:27.977 plugin-container[3967:143997] CFPasteboardRef CFPasteboardCreate(CFAllocatorRef, CFStringRef) : failed to create global data
1513125028244	Marionette	INFO	Listening on port 53020
1513125028326	Marionette	WARN	TLS certificate errors will be ignored for this session
1513125028373	Marionette	DEBUG	Register listener.js for window 2147483649
1513125028386	Marionette	DEBUG	Received DOM event "beforeunload" for "about:blank"
1513125028872	Marionette	DEBUG	Received DOM event "pagehide" for "about:blank"
1513125028873	Marionette	DEBUG	Received DOM event "unload" for "about:blank"
JavaScript warning: http://cdn2.editmysite.com/js/site/main.js?buildTime=1510882151, line 3: unreachable code after return statement
JavaScript warning: http://cdn2.editmysite.com/js/site/main.js?buildTime=1510882151, line 3: unreachable code after return statement
1513125029329	Marionette	DEBUG	Received DOM event "DOMContentLoaded" for "http://squaretesting.weebly.com/"
1513125029534	Marionette	DEBUG	Received DOM event "pageshow" for "http://squaretesting.weebly.com/"
1513125029771	Marionette	DEBUG	Canceled page load listener because no navigation has been detected
JavaScript warning: https://cdn2.editmysite.com/js/site/main.js?buildTime=1513122362, line 3: unreachable code after return statement
JavaScript warning: https://cdn2.editmysite.com/js/site/main.js?buildTime=1513122362, line 3: unreachable code after return statement
JavaScript warning: https://cdn2.editmysite.com/js/site/checkout-app.js?buildTime=1513122362, line 10: unreachable code after return statement
JavaScript warning: https://cdn2.editmysite.com/js/site/checkout-app.js?buildTime=1513122362, line 10: unreachable code after return statement
1513125032520	Marionette	DEBUG	Canceled page load listener because no navigation has been detected
*** UTM:SVC TimerManager:registerTimer called after profile-before-change notification. Ignoring timer registration for id: telemetry_modules_ping
1515793124057	geckodriver	INFO	geckodriver 0.18.0
1515793124064	geckodriver	INFO	Listening on 127.0.0.1:52002
1515793125113	geckodriver::marionette	INFO	Starting browser /Applications/Firefox.app/Contents/MacOS/firefox-bin with args ["-marionette"]
1515793125710	Marionette	INFO	Enabled via --marionette
2018-01-12 14:38:46.572 plugin-container[28264:1187279] *** CFMessagePort: bootstrap_register(): failed 1100 (0x44c) 'Permission denied', port = 0xb547, name = 'com.apple.tsm.portname'
See /usr/include/servers/bootstrap_defs.h for the error codes.
2018-01-12 14:38:46.572 plugin-container[28264:1187279] CFPasteboardRef CFPasteboardCreate(CFAllocatorRef, CFStringRef) : failed to create global data
2018-01-12 14:38:46.573 plugin-container[28264:1187279] CFPasteboardRef CFPasteboardCreate(CFAllocatorRef, CFStringRef) : failed to create global data
2018-01-12 14:38:46.573 plugin-container[28264:1187279] CFPasteboardRef CFPasteboardCreate(CFAllocatorRef, CFStringRef) : failed to create global data
2018-01-12 14:38:46.573 plugin-container[28264:1187279] CFPasteboardRef CFPasteboardCreate(CFAllocatorRef, CFStringRef) : failed to create global data
2018-01-12 14:38:46.574 plugin-container[28264:1187279] CFPasteboardRef CFPasteboardCreate(CFAllocatorRef, CFStringRef) : failed to create global data
2018-01-12 14:38:46.574 plugin-container[28264:1187279] CFPasteboardRef CFPasteboardCreate(CFAllocatorRef, CFStringRef) : failed to create global data
2018-01-12 14:38:46.574 plugin-container[28264:1187279] CFPasteboardRef CFPasteboardCreate(CFAllocatorRef, CFStringRef) : failed to create global data
2018-01-12 14:38:46.574 plugin-container[28264:1187279] CFPasteboardRef CFPasteboardCreate(CFAllocatorRef, CFStringRef) : failed to create global data
2018-01-12 14:38:46.575 plugin-container[28264:1187279] CFPasteboardRef CFPasteboardCreate(CFAllocatorRef, CFStringRef) : failed to create global data
2018-01-12 14:38:46.575 plugin-container[28264:1187279] CFPasteboardRef CFPasteboardCreate(CFAllocatorRef, CFStringRef) : failed to create global data
2018-01-12 14:38:46.575 plugin-container[28264:1187279] CFPasteboardRef CFPasteboardCreate(CFAllocatorRef, CFStringRef) : failed to create global data
2018-01-12 14:38:46.575 plugin-container[28264:1187279] CFPasteboardRef CFPasteboardCreate(CFAllocatorRef, CFStringRef) : failed to create global data
2018-01-12 14:38:46.575 plugin-container[28264:1187279] CFPasteboardRef CFPasteboardCreate(CFAllocatorRef, CFStringRef) : failed to create global data
2018-01-12 14:38:46.575 plugin-container[28264:1187279] CFPasteboardRef CFPasteboardCreate(CFAllocatorRef, CFStringRef) : failed to create global data
2018-01-12 14:38:46.576 plugin-container[28264:1187279] CFPasteboardRef CFPasteboardCreate(CFAllocatorRef, CFStringRef) : failed to create global data
2018-01-12 14:38:46.576 plugin-container[28264:1187279] CFPasteboardRef CFPasteboardCreate(CFAllocatorRef, CFStringRef) : failed to create global data
2018-01-12 14:38:46.576 plugin-container[28264:1187279] CFPasteboardRef CFPasteboardCreate(CFAllocatorRef, CFStringRef) : failed to create global data
2018-01-12 14:38:46.576 plugin-container[28264:1187279] CFPasteboardRef CFPasteboardCreate(CFAllocatorRef, CFStringRef) : failed to create global data
2018-01-12 14:38:46.577 plugin-container[28264:1187279] CFPasteboardRef CFPasteboardCreate(CFAllocatorRef, CFStringRef) : failed to create global data
2018-01-12 14:38:46.581 plugin-container[28264:1187279] CFPasteboardRef CFPasteboardCreate(CFAllocatorRef, CFStringRef) : failed to create global data
1515793126947	Marionette	INFO	Listening on port 52011
1515793127002	Marionette	WARN	TLS certificate errors will be ignored for this session
1515793127047	Marionette	DEBUG	Register listener.js for window 2147483649
1515793127062	Marionette	DEBUG	Received DOM event "beforeunload" for "about:blank"
1515793127207	Marionette	DEBUG	Received DOM event "pagehide" for "about:blank"
1515793127207	Marionette	DEBUG	Received DOM event "unload" for "about:blank"
JavaScript warning: http://cdn2.editmysite.com/js/site/main.js?buildTime=1510882151, line 3: unreachable code after return statement
JavaScript warning: http://cdn2.editmysite.com/js/site/main.js?buildTime=1510882151, line 3: unreachable code after return statement
1515793127672	Marionette	DEBUG	Received DOM event "DOMContentLoaded" for "http://squaretesting.weebly.com/"
1515793127807	Marionette	DEBUG	Received DOM event "pageshow" for "http://squaretesting.weebly.com/"
1515793128040	Marionette	DEBUG	Canceled page load listener because no navigation has been detected
JavaScript warning: https://cdn2.editmysite.com/js/site/main.js?buildTime=1515784866, line 3: unreachable code after return statement
JavaScript warning: https://cdn2.editmysite.com/js/site/main.js?buildTime=1515784866, line 3: unreachable code after return statement
JavaScript warning: https://cdn2.editmysite.com/js/site/checkout-app.js?buildTime=1515784866, line 10: unreachable code after return statement
JavaScript warning: https://cdn2.editmysite.com/js/site/checkout-app.js?buildTime=1515784866, line 10: unreachable code after return statement
1515793130126	Marionette	DEBUG	Canceled page load listener because no navigation has been detected
console.error: PushService: 
  Failed to drop expired registrations on idle
  UnknownError
1519930193047	geckodriver	INFO	geckodriver 0.18.0
1519930193056	geckodriver	INFO	Listening on 127.0.0.1:49600
1519930194104	geckodriver::marionette	INFO	Starting browser /Applications/Firefox.app/Contents/MacOS/firefox-bin with args ["-marionette"]
1519930194745	Marionette	INFO	Enabled via --marionette
2018-03-01 11:49:55.627 plugin-container[1634:30590] *** CFMessagePort: bootstrap_register(): failed 1100 (0x44c) 'Permission denied', port = 0x1523f, name = 'com.apple.tsm.portname'
See /usr/include/servers/bootstrap_defs.h for the error codes.
1519930195997	Marionette	INFO	Listening on port 49609
1519930196093	Marionette	WARN	TLS certificate errors will be ignored for this session
1519930196140	Marionette	DEBUG	Register listener.js for window 2147483649
1519930196151	Marionette	DEBUG	Received DOM event "beforeunload" for "about:blank"
1519930196417	Marionette	DEBUG	Received DOM event "pagehide" for "about:blank"
1519930196417	Marionette	DEBUG	Received DOM event "unload" for "about:blank"
JavaScript warning: http://cdn2.editmysite.com/js/site/main.js?buildTime=1519842011, line 3: unreachable code after return statement
JavaScript warning: http://cdn2.editmysite.com/js/site/main.js?buildTime=1519842011, line 3: unreachable code after return statement
1519930197032	Marionette	DEBUG	Received DOM event "DOMContentLoaded" for "http://squaretesting.weebly.com/"
1519930197232	Marionette	DEBUG	Received DOM event "pageshow" for "http://squaretesting.weebly.com/"
1519930197482	Marionette	DEBUG	Canceled page load listener because no navigation has been detected
JavaScript warning: https://cdn2.editmysite.com/js/site/main.js?buildTime=1519859657, line 3: unreachable code after return statement
JavaScript warning: https://cdn2.editmysite.com/js/site/main.js?buildTime=1519859657, line 3: unreachable code after return statement
JavaScript warning: https://cdn2.editmysite.com/js/site/checkout-app.js?buildTime=1519859657, line 10: unreachable code after return statement
JavaScript warning: https://cdn2.editmysite.com/js/site/checkout-app.js?buildTime=1519859657, line 10: unreachable code after return statement
1519930200287	Marionette	DEBUG	Canceled page load listener because no navigation has been detected
1519930306998	geckodriver	INFO	geckodriver 0.18.0
1519930307002	geckodriver	INFO	Listening on 127.0.0.1:49761
1519930308054	geckodriver::marionette	INFO	Starting browser /Applications/Firefox.app/Contents/MacOS/firefox-bin with args ["-marionette"]
1519930308522	Marionette	INFO	Enabled via --marionette
2018-03-01 11:51:49.285 plugin-container[1644:31594] *** CFMessagePort: bootstrap_register(): failed 1100 (0x44c) 'Permission denied', port = 0xad3f, name = 'com.apple.tsm.portname'
See /usr/include/servers/bootstrap_defs.h for the error codes.
1519930309656	Marionette	INFO	Listening on port 49770
1519930309719	Marionette	WARN	TLS certificate errors will be ignored for this session
1519930309767	Marionette	DEBUG	Register listener.js for window 2147483649
1519930309795	Marionette	DEBUG	Received DOM event "beforeunload" for "about:blank"
1519930310183	Marionette	DEBUG	Received DOM event "pagehide" for "about:blank"
1519930310183	Marionette	DEBUG	Received DOM event "unload" for "about:blank"
JavaScript warning: http://cdn2.editmysite.com/js/site/main.js?buildTime=1519842011, line 3: unreachable code after return statement
JavaScript warning: http://cdn2.editmysite.com/js/site/main.js?buildTime=1519842011, line 3: unreachable code after return statement
1519930310789	Marionette	DEBUG	Received DOM event "DOMContentLoaded" for "http://squaretesting.weebly.com/"
1519930310966	Marionette	DEBUG	Received DOM event "pageshow" for "http://squaretesting.weebly.com/"
1519930311210	Marionette	DEBUG	Canceled page load listener because no navigation has been detected
JavaScript warning: https://cdn2.editmysite.com/js/site/main.js?buildTime=1519930243, line 3: unreachable code after return statement
JavaScript warning: https://cdn2.editmysite.com/js/site/main.js?buildTime=1519930243, line 3: unreachable code after return statement
JavaScript warning: https://cdn2.editmysite.com/js/site/checkout-app.js?buildTime=1519930243, line 10: unreachable code after return statement
JavaScript warning: https://cdn2.editmysite.com/js/site/checkout-app.js?buildTime=1519930243, line 10: unreachable code after return statement
1519930316093	Marionette	DEBUG	Canceled page load listener because no navigation has been detected
